2026-04-14 15:42:43 ERROR 计算失败
Traceback (most recent call last):
  File "/Users/coinsdo008/vscode_workspace/GameOfNumber/central_api.py", line 350, in _request
    with urllib.request.urlopen(request, timeout=self.timeout) as response:
         ~~~~~~~~~~~~~~~~~~~~~~^^^^^^^^^^^^^^^^^^^^^^^^^^^^^^^
  File "/opt/homebrew/Cellar/python@3.14/3.14.0/Frameworks/Python.framework/Versions/3.14/lib/python3.14/urllib/request.py", line 187, in urlopen
    return opener.open(url, data, timeout)
           ~~~~~~~~~~~^^^^^^^^^^^^^^^^^^^^
  File "/opt/homebrew/Cellar/python@3.14/3.14.0/Frameworks/Python.framework/Versions/3.14/lib/python3.14/urllib/request.py", line 493, in open
    response = meth(req, response)
  File "/opt/homebrew/Cellar/python@3.14/3.14.0/Frameworks/Python.framework/Versions/3.14/lib/python3.14/urllib/request.py", line 602, in http_response
    response = self.parent.error(
        'http', request, response, code, msg, hdrs)
  File "/opt/homebrew/Cellar/python@3.14/3.14.0/Frameworks/Python.framework/Versions/3.14/lib/python3.14/urllib/request.py", line 531, in error
    return self._call_chain(*args)
           ~~~~~~~~~~~~~~~~^^^^^^^
  File "/opt/homebrew/Cellar/python@3.14/3.14.0/Frameworks/Python.framework/Versions/3.14/lib/python3.14/urllib/request.py", line 464, in _call_chain
    result = func(*args)
  File "/opt/homebrew/Cellar/python@3.14/3.14.0/Frameworks/Python.framework/Versions/3.14/lib/python3.14/urllib/request.py", line 611, in http_error_default
    raise HTTPError(req.full_url, code, msg, hdrs, fp)
urllib.error.HTTPError: HTTP Error 403: 

During handling of the above exception, another exception occurred:

Traceback (most recent call last):
  File "/Users/coinsdo008/vscode_workspace/GameOfNumber/central_api.py", line 350, in _request
    with urllib.request.urlopen(request, timeout=self.timeout) as response:
         ~~~~~~~~~~~~~~~~~~~~~~^^^^^^^^^^^^^^^^^^^^^^^^^^^^^^^
  File "/opt/homebrew/Cellar/python@3.14/3.14.0/Frameworks/Python.framework/Versions/3.14/lib/python3.14/urllib/request.py", line 187, in urlopen
    return opener.open(url, data, timeout)
           ~~~~~~~~~~~^^^^^^^^^^^^^^^^^^^^
  File "/opt/homebrew/Cellar/python@3.14/3.14.0/Frameworks/Python.framework/Versions/3.14/lib/python3.14/urllib/request.py", line 493, in open
    response = meth(req, response)
  File "/opt/homebrew/Cellar/python@3.14/3.14.0/Frameworks/Python.framework/Versions/3.14/lib/python3.14/urllib/request.py", line 602, in http_response
    response = self.parent.error(
        'http', request, response, code, msg, hdrs)
  File "/opt/homebrew/Cellar/python@3.14/3.14.0/Frameworks/Python.framework/Versions/3.14/lib/python3.14/urllib/request.py", line 531, in error
    return self._call_chain(*args)
           ~~~~~~~~~~~~~~~~^^^^^^^
  File "/opt/homebrew/Cellar/python@3.14/3.14.0/Frameworks/Python.framework/Versions/3.14/lib/python3.14/urllib/request.py", line 464, in _call_chain
    result = func(*args)
  File "/opt/homebrew/Cellar/python@3.14/3.14.0/Frameworks/Python.framework/Versions/3.14/lib/python3.14/urllib/request.py", line 611, in http_error_default
    raise HTTPError(req.full_url, code, msg, hdrs, fp)
urllib.error.HTTPError: HTTP Error 403: 

The above exception was the direct cause of the following exception:

Traceback (most recent call last):
  File "/Users/coinsdo008/vscode_workspace/GameOfNumber/number_prediction_ui.py", line 744, in _on_calculate
    self.storage.upsert_pending_prediction(
    ~~~~~~~~~~~~~~~~~~~~~~~~~~~~~~~~~~~~~~^
        code=pending_code,
        ^^^^^^^^^^^^^^^^^^
    ...<6 lines>...
        units_dan=numbers_to_text(results.get("units_place", [])),
        ^^^^^^^^^^^^^^^^^^^^^^^^^^^^^^^^^^^^^^^^^^^^^^^^^^^^^^^^^^
    )
    ^
  File "/Users/coinsdo008/vscode_workspace/GameOfNumber/remote_storage.py", line 51, in upsert_pending_prediction
    self.api.save_prediction(
    ~~~~~~~~~~~~~~~~~~~~~~~~^
        {
        ^
    ...<9 lines>...
        }
        ^
    )
    ^
  File "/Users/coinsdo008/vscode_workspace/GameOfNumber/central_api.py", line 282, in save_prediction
    return self._request(
           ~~~~~~~~~~~~~^
        "POST",
        ^^^^^^^
    ...<4 lines>...
        json_body=payload,
        ^^^^^^^^^^^^^^^^^^
    )
    ^
  File "/Users/coinsdo008/vscode_workspace/GameOfNumber/central_api.py", line 362, in _request
    return self._request(
           ~~~~~~~~~~~~~^
        method=method,
        ^^^^^^^^^^^^^^
    ...<6 lines>...
        retry_on_product_reauth=False,
        ^^^^^^^^^^^^^^^^^^^^^^^^^^^^^^
    )
    ^
  File "/Users/coinsdo008/vscode_workspace/GameOfNumber/central_api.py", line 372, in _request
    raise ApiError(
        error_message
    ) from exc
central_api.ApiError: Current product session is not available.
2026-04-14 15:43:27 ERROR 计算失败
Traceback (most recent call last):
  File "/Users/coinsdo008/vscode_workspace/GameOfNumber/central_api.py", line 350, in _request
    with urllib.request.urlopen(request, timeout=self.timeout) as response:
         ~~~~~~~~~~~~~~~~~~~~~~^^^^^^^^^^^^^^^^^^^^^^^^^^^^^^^
  File "/opt/homebrew/Cellar/python@3.14/3.14.0/Frameworks/Python.framework/Versions/3.14/lib/python3.14/urllib/request.py", line 187, in urlopen
    return opener.open(url, data, timeout)
           ~~~~~~~~~~~^^^^^^^^^^^^^^^^^^^^
  File "/opt/homebrew/Cellar/python@3.14/3.14.0/Frameworks/Python.framework/Versions/3.14/lib/python3.14/urllib/request.py", line 493, in open
    response = meth(req, response)
  File "/opt/homebrew/Cellar/python@3.14/3.14.0/Frameworks/Python.framework/Versions/3.14/lib/python3.14/urllib/request.py", line 602, in http_response
    response = self.parent.error(
        'http', request, response, code, msg, hdrs)
  File "/opt/homebrew/Cellar/python@3.14/3.14.0/Frameworks/Python.framework/Versions/3.14/lib/python3.14/urllib/request.py", line 531, in error
    return self._call_chain(*args)
           ~~~~~~~~~~~~~~~~^^^^^^^
  File "/opt/homebrew/Cellar/python@3.14/3.14.0/Frameworks/Python.framework/Versions/3.14/lib/python3.14/urllib/request.py", line 464, in _call_chain
    result = func(*args)
  File "/opt/homebrew/Cellar/python@3.14/3.14.0/Frameworks/Python.framework/Versions/3.14/lib/python3.14/urllib/request.py", line 611, in http_error_default
    raise HTTPError(req.full_url, code, msg, hdrs, fp)
urllib.error.HTTPError: HTTP Error 403: 

During handling of the above exception, another exception occurred:

Traceback (most recent call last):
  File "/Users/coinsdo008/vscode_workspace/GameOfNumber/central_api.py", line 350, in _request
    with urllib.request.urlopen(request, timeout=self.timeout) as response:
         ~~~~~~~~~~~~~~~~~~~~~~^^^^^^^^^^^^^^^^^^^^^^^^^^^^^^^
  File "/opt/homebrew/Cellar/python@3.14/3.14.0/Frameworks/Python.framework/Versions/3.14/lib/python3.14/urllib/request.py", line 187, in urlopen
    return opener.open(url, data, timeout)
           ~~~~~~~~~~~^^^^^^^^^^^^^^^^^^^^
  File "/opt/homebrew/Cellar/python@3.14/3.14.0/Frameworks/Python.framework/Versions/3.14/lib/python3.14/urllib/request.py", line 493, in open
    response = meth(req, response)
  File "/opt/homebrew/Cellar/python@3.14/3.14.0/Frameworks/Python.framework/Versions/3.14/lib/python3.14/urllib/request.py", line 602, in http_response
    response = self.parent.error(
        'http', request, response, code, msg, hdrs)
  File "/opt/homebrew/Cellar/python@3.14/3.14.0/Frameworks/Python.framework/Versions/3.14/lib/python3.14/urllib/request.py", line 531, in error
    return self._call_chain(*args)
           ~~~~~~~~~~~~~~~~^^^^^^^
  File "/opt/homebrew/Cellar/python@3.14/3.14.0/Frameworks/Python.framework/Versions/3.14/lib/python3.14/urllib/request.py", line 464, in _call_chain
    result = func(*args)
  File "/opt/homebrew/Cellar/python@3.14/3.14.0/Frameworks/Python.framework/Versions/3.14/lib/python3.14/urllib/request.py", line 611, in http_error_default
    raise HTTPError(req.full_url, code, msg, hdrs, fp)
urllib.error.HTTPError: HTTP Error 403: 

The above exception was the direct cause of the following exception:

Traceback (most recent call last):
  File "/Users/coinsdo008/vscode_workspace/GameOfNumber/number_prediction_ui.py", line 744, in _on_calculate
    self.storage.upsert_pending_prediction(
    ~~~~~~~~~~~~~~~~~~~~~~~~~~~~~~~~~~~~~~^
        code=pending_code,
        ^^^^^^^^^^^^^^^^^^
    ...<6 lines>...
        units_dan=numbers_to_text(results.get("units_place", [])),
        ^^^^^^^^^^^^^^^^^^^^^^^^^^^^^^^^^^^^^^^^^^^^^^^^^^^^^^^^^^
    )
    ^
  File "/Users/coinsdo008/vscode_workspace/GameOfNumber/remote_storage.py", line 51, in upsert_pending_prediction
    self.api.save_prediction(
    ~~~~~~~~~~~~~~~~~~~~~~~~^
        {
        ^
    ...<9 lines>...
        }
        ^
    )
    ^
  File "/Users/coinsdo008/vscode_workspace/GameOfNumber/central_api.py", line 282, in save_prediction
    return self._request(
           ~~~~~~~~~~~~~^
        "POST",
        ^^^^^^^
    ...<4 lines>...
        json_body=payload,
        ^^^^^^^^^^^^^^^^^^
    )
    ^
  File "/Users/coinsdo008/vscode_workspace/GameOfNumber/central_api.py", line 362, in _request
    return self._request(
           ~~~~~~~~~~~~~^
        method=method,
        ^^^^^^^^^^^^^^
    ...<6 lines>...
        retry_on_product_reauth=False,
        ^^^^^^^^^^^^^^^^^^^^^^^^^^^^^^
    )
    ^
  File "/Users/coinsdo008/vscode_workspace/GameOfNumber/central_api.py", line 372, in _request
    raise ApiError(
        error_message
    ) from exc
central_api.ApiError: Current product session is not available.
2026-04-14 15:43:30 ERROR 计算失败
Traceback (most recent call last):
  File "/Users/coinsdo008/vscode_workspace/GameOfNumber/central_api.py", line 350, in _request
    with urllib.request.urlopen(request, timeout=self.timeout) as response:
         ~~~~~~~~~~~~~~~~~~~~~~^^^^^^^^^^^^^^^^^^^^^^^^^^^^^^^
  File "/opt/homebrew/Cellar/python@3.14/3.14.0/Frameworks/Python.framework/Versions/3.14/lib/python3.14/urllib/request.py", line 187, in urlopen
    return opener.open(url, data, timeout)
           ~~~~~~~~~~~^^^^^^^^^^^^^^^^^^^^
  File "/opt/homebrew/Cellar/python@3.14/3.14.0/Frameworks/Python.framework/Versions/3.14/lib/python3.14/urllib/request.py", line 493, in open
    response = meth(req, response)
  File "/opt/homebrew/Cellar/python@3.14/3.14.0/Frameworks/Python.framework/Versions/3.14/lib/python3.14/urllib/request.py", line 602, in http_response
    response = self.parent.error(
        'http', request, response, code, msg, hdrs)
  File "/opt/homebrew/Cellar/python@3.14/3.14.0/Frameworks/Python.framework/Versions/3.14/lib/python3.14/urllib/request.py", line 531, in error
    return self._call_chain(*args)
           ~~~~~~~~~~~~~~~~^^^^^^^
  File "/opt/homebrew/Cellar/python@3.14/3.14.0/Frameworks/Python.framework/Versions/3.14/lib/python3.14/urllib/request.py", line 464, in _call_chain
    result = func(*args)
  File "/opt/homebrew/Cellar/python@3.14/3.14.0/Frameworks/Python.framework/Versions/3.14/lib/python3.14/urllib/request.py", line 611, in http_error_default
    raise HTTPError(req.full_url, code, msg, hdrs, fp)
urllib.error.HTTPError: HTTP Error 403: 

During handling of the above exception, another exception occurred:

Traceback (most recent call last):
  File "/Users/coinsdo008/vscode_workspace/GameOfNumber/central_api.py", line 350, in _request
    with urllib.request.urlopen(request, timeout=self.timeout) as response:
         ~~~~~~~~~~~~~~~~~~~~~~^^^^^^^^^^^^^^^^^^^^^^^^^^^^^^^
  File "/opt/homebrew/Cellar/python@3.14/3.14.0/Frameworks/Python.framework/Versions/3.14/lib/python3.14/urllib/request.py", line 187, in urlopen
    return opener.open(url, data, timeout)
           ~~~~~~~~~~~^^^^^^^^^^^^^^^^^^^^
  File "/opt/homebrew/Cellar/python@3.14/3.14.0/Frameworks/Python.framework/Versions/3.14/lib/python3.14/urllib/request.py", line 493, in open
    response = meth(req, response)
  File "/opt/homebrew/Cellar/python@3.14/3.14.0/Frameworks/Python.framework/Versions/3.14/lib/python3.14/urllib/request.py", line 602, in http_response
    response = self.parent.error(
        'http', request, response, code, msg, hdrs)
  File "/opt/homebrew/Cellar/python@3.14/3.14.0/Frameworks/Python.framework/Versions/3.14/lib/python3.14/urllib/request.py", line 531, in error
    return self._call_chain(*args)
           ~~~~~~~~~~~~~~~~^^^^^^^
  File "/opt/homebrew/Cellar/python@3.14/3.14.0/Frameworks/Python.framework/Versions/3.14/lib/python3.14/urllib/request.py", line 464, in _call_chain
    result = func(*args)
  File "/opt/homebrew/Cellar/python@3.14/3.14.0/Frameworks/Python.framework/Versions/3.14/lib/python3.14/urllib/request.py", line 611, in http_error_default
    raise HTTPError(req.full_url, code, msg, hdrs, fp)
urllib.error.HTTPError: HTTP Error 403: 

The above exception was the direct cause of the following exception:

Traceback (most recent call last):
  File "/Users/coinsdo008/vscode_workspace/GameOfNumber/number_prediction_ui.py", line 744, in _on_calculate
    self.storage.upsert_pending_prediction(
    ~~~~~~~~~~~~~~~~~~~~~~~~~~~~~~~~~~~~~~^
        code=pending_code,
        ^^^^^^^^^^^^^^^^^^
    ...<6 lines>...
        units_dan=numbers_to_text(results.get("units_place", [])),
        ^^^^^^^^^^^^^^^^^^^^^^^^^^^^^^^^^^^^^^^^^^^^^^^^^^^^^^^^^^
    )
    ^
  File "/Users/coinsdo008/vscode_workspace/GameOfNumber/remote_storage.py", line 51, in upsert_pending_prediction
    self.api.save_prediction(
    ~~~~~~~~~~~~~~~~~~~~~~~~^
        {
        ^
    ...<9 lines>...
        }
        ^
    )
    ^
  File "/Users/coinsdo008/vscode_workspace/GameOfNumber/central_api.py", line 282, in save_prediction
    return self._request(
           ~~~~~~~~~~~~~^
        "POST",
        ^^^^^^^
    ...<4 lines>...
        json_body=payload,
        ^^^^^^^^^^^^^^^^^^
    )
    ^
  File "/Users/coinsdo008/vscode_workspace/GameOfNumber/central_api.py", line 362, in _request
    return self._request(
           ~~~~~~~~~~~~~^
        method=method,
        ^^^^^^^^^^^^^^
    ...<6 lines>...
        retry_on_product_reauth=False,
        ^^^^^^^^^^^^^^^^^^^^^^^^^^^^^^
    )
    ^
  File "/Users/coinsdo008/vscode_workspace/GameOfNumber/central_api.py", line 372, in _request
    raise ApiError(
        error_message
    ) from exc
central_api.ApiError: Current product session is not available.
2026-04-14 15:43:34 ERROR 计算失败
Traceback (most recent call last):
  File "/Users/coinsdo008/vscode_workspace/GameOfNumber/central_api.py", line 350, in _request
    with urllib.request.urlopen(request, timeout=self.timeout) as response:
         ~~~~~~~~~~~~~~~~~~~~~~^^^^^^^^^^^^^^^^^^^^^^^^^^^^^^^
  File "/opt/homebrew/Cellar/python@3.14/3.14.0/Frameworks/Python.framework/Versions/3.14/lib/python3.14/urllib/request.py", line 187, in urlopen
    return opener.open(url, data, timeout)
           ~~~~~~~~~~~^^^^^^^^^^^^^^^^^^^^
  File "/opt/homebrew/Cellar/python@3.14/3.14.0/Frameworks/Python.framework/Versions/3.14/lib/python3.14/urllib/request.py", line 493, in open
    response = meth(req, response)
  File "/opt/homebrew/Cellar/python@3.14/3.14.0/Frameworks/Python.framework/Versions/3.14/lib/python3.14/urllib/request.py", line 602, in http_response
    response = self.parent.error(
        'http', request, response, code, msg, hdrs)
  File "/opt/homebrew/Cellar/python@3.14/3.14.0/Frameworks/Python.framework/Versions/3.14/lib/python3.14/urllib/request.py", line 531, in error
    return self._call_chain(*args)
           ~~~~~~~~~~~~~~~~^^^^^^^
  File "/opt/homebrew/Cellar/python@3.14/3.14.0/Frameworks/Python.framework/Versions/3.14/lib/python3.14/urllib/request.py", line 464, in _call_chain
    result = func(*args)
  File "/opt/homebrew/Cellar/python@3.14/3.14.0/Frameworks/Python.framework/Versions/3.14/lib/python3.14/urllib/request.py", line 611, in http_error_default
    raise HTTPError(req.full_url, code, msg, hdrs, fp)
urllib.error.HTTPError: HTTP Error 403: 

During handling of the above exception, another exception occurred:

Traceback (most recent call last):
  File "/Users/coinsdo008/vscode_workspace/GameOfNumber/central_api.py", line 350, in _request
    with urllib.request.urlopen(request, timeout=self.timeout) as response:
         ~~~~~~~~~~~~~~~~~~~~~~^^^^^^^^^^^^^^^^^^^^^^^^^^^^^^^
  File "/opt/homebrew/Cellar/python@3.14/3.14.0/Frameworks/Python.framework/Versions/3.14/lib/python3.14/urllib/request.py", line 187, in urlopen
    return opener.open(url, data, timeout)
           ~~~~~~~~~~~^^^^^^^^^^^^^^^^^^^^
  File "/opt/homebrew/Cellar/python@3.14/3.14.0/Frameworks/Python.framework/Versions/3.14/lib/python3.14/urllib/request.py", line 493, in open
    response = meth(req, response)
  File "/opt/homebrew/Cellar/python@3.14/3.14.0/Frameworks/Python.framework/Versions/3.14/lib/python3.14/urllib/request.py", line 602, in http_response
    response = self.parent.error(
        'http', request, response, code, msg, hdrs)
  File "/opt/homebrew/Cellar/python@3.14/3.14.0/Frameworks/Python.framework/Versions/3.14/lib/python3.14/urllib/request.py", line 531, in error
    return self._call_chain(*args)
           ~~~~~~~~~~~~~~~~^^^^^^^
  File "/opt/homebrew/Cellar/python@3.14/3.14.0/Frameworks/Python.framework/Versions/3.14/lib/python3.14/urllib/request.py", line 464, in _call_chain
    result = func(*args)
  File "/opt/homebrew/Cellar/python@3.14/3.14.0/Frameworks/Python.framework/Versions/3.14/lib/python3.14/urllib/request.py", line 611, in http_error_default
    raise HTTPError(req.full_url, code, msg, hdrs, fp)
urllib.error.HTTPError: HTTP Error 403: 

The above exception was the direct cause of the following exception:

Traceback (most recent call last):
  File "/Users/coinsdo008/vscode_workspace/GameOfNumber/number_prediction_ui.py", line 744, in _on_calculate
    self.storage.upsert_pending_prediction(
    ~~~~~~~~~~~~~~~~~~~~~~~~~~~~~~~~~~~~~~^
        code=pending_code,
        ^^^^^^^^^^^^^^^^^^
    ...<6 lines>...
        units_dan=numbers_to_text(results.get("units_place", [])),
        ^^^^^^^^^^^^^^^^^^^^^^^^^^^^^^^^^^^^^^^^^^^^^^^^^^^^^^^^^^
    )
    ^
  File "/Users/coinsdo008/vscode_workspace/GameOfNumber/remote_storage.py", line 51, in upsert_pending_prediction
    self.api.save_prediction(
    ~~~~~~~~~~~~~~~~~~~~~~~~^
        {
        ^
    ...<9 lines>...
        }
        ^
    )
    ^
  File "/Users/coinsdo008/vscode_workspace/GameOfNumber/central_api.py", line 282, in save_prediction
    return self._request(
           ~~~~~~~~~~~~~^
        "POST",
        ^^^^^^^
    ...<4 lines>...
        json_body=payload,
        ^^^^^^^^^^^^^^^^^^
    )
    ^
  File "/Users/coinsdo008/vscode_workspace/GameOfNumber/central_api.py", line 362, in _request
    return self._request(
           ~~~~~~~~~~~~~^
        method=method,
        ^^^^^^^^^^^^^^
    ...<6 lines>...
        retry_on_product_reauth=False,
        ^^^^^^^^^^^^^^^^^^^^^^^^^^^^^^
    )
    ^
  File "/Users/coinsdo008/vscode_workspace/GameOfNumber/central_api.py", line 372, in _request
    raise ApiError(
        error_message
    ) from exc
central_api.ApiError: Current product session is not available.
2026-04-14 15:55:10 ERROR 计算失败
Traceback (most recent call last):
  File "/Users/coinsdo008/vscode_workspace/GameOfNumber/number_prediction_ui.py", line 744, in _on_calculate
    self.storage.upsert_pending_prediction(
    ~~~~~~~~~~~~~~~~~~~~~~~~~~~~~~~~~~~~~~^
        code=pending_code,
        ^^^^^^^^^^^^^^^^^^
    ...<6 lines>...
        units_dan=numbers_to_text(results.get("units_place", [])),
        ^^^^^^^^^^^^^^^^^^^^^^^^^^^^^^^^^^^^^^^^^^^^^^^^^^^^^^^^^^
    )
    ^
  File "/Users/coinsdo008/vscode_workspace/GameOfNumber/remote_storage.py", line 51, in upsert_pending_prediction
    self.api.save_prediction(
    ~~~~~~~~~~~~~~~~~~~~~~~~^
        {
        ^
    ...<9 lines>...
        }
        ^
    )
    ^
  File "/Users/coinsdo008/vscode_workspace/GameOfNumber/central_api.py", line 282, in save_prediction
    return self._request(
           ~~~~~~~~~~~~~^
        "POST",
        ^^^^^^^
    ...<4 lines>...
        json_body=payload,
        ^^^^^^^^^^^^^^^^^^
    )
    ^
  File "/Users/coinsdo008/vscode_workspace/GameOfNumber/central_api.py", line 350, in _request
    with urllib.request.urlopen(request, timeout=self.timeout) as response:
         ~~~~~~~~~~~~~~~~~~~~~~^^^^^^^^^^^^^^^^^^^^^^^^^^^^^^^
  File "/opt/homebrew/Cellar/python@3.14/3.14.0/Frameworks/Python.framework/Versions/3.14/lib/python3.14/urllib/request.py", line 187, in urlopen
    return opener.open(url, data, timeout)
           ~~~~~~~~~~~^^^^^^^^^^^^^^^^^^^^
  File "/opt/homebrew/Cellar/python@3.14/3.14.0/Frameworks/Python.framework/Versions/3.14/lib/python3.14/urllib/request.py", line 487, in open
    response = self._open(req, data)
  File "/opt/homebrew/Cellar/python@3.14/3.14.0/Frameworks/Python.framework/Versions/3.14/lib/python3.14/urllib/request.py", line 504, in _open
    result = self._call_chain(self.handle_open, protocol, protocol +
                              '_open', req)
  File "/opt/homebrew/Cellar/python@3.14/3.14.0/Frameworks/Python.framework/Versions/3.14/lib/python3.14/urllib/request.py", line 464, in _call_chain
    result = func(*args)
  File "/opt/homebrew/Cellar/python@3.14/3.14.0/Frameworks/Python.framework/Versions/3.14/lib/python3.14/urllib/request.py", line 1350, in http_open
    return self.do_open(http.client.HTTPConnection, req)
           ~~~~~~~~~~~~^^^^^^^^^^^^^^^^^^^^^^^^^^^^^^^^^
  File "/opt/homebrew/Cellar/python@3.14/3.14.0/Frameworks/Python.framework/Versions/3.14/lib/python3.14/urllib/request.py", line 1325, in do_open
    r = h.getresponse()
  File "/opt/homebrew/Cellar/python@3.14/3.14.0/Frameworks/Python.framework/Versions/3.14/lib/python3.14/http/client.py", line 1430, in getresponse
    response.begin()
    ~~~~~~~~~~~~~~^^
  File "/opt/homebrew/Cellar/python@3.14/3.14.0/Frameworks/Python.framework/Versions/3.14/lib/python3.14/http/client.py", line 331, in begin
    version, status, reason = self._read_status()
                              ~~~~~~~~~~~~~~~~~^^
  File "/opt/homebrew/Cellar/python@3.14/3.14.0/Frameworks/Python.framework/Versions/3.14/lib/python3.14/http/client.py", line 292, in _read_status
    line = str(self.fp.readline(_MAXLINE + 1), "iso-8859-1")
               ~~~~~~~~~~~~~~~~^^^^^^^^^^^^^^
  File "/opt/homebrew/Cellar/python@3.14/3.14.0/Frameworks/Python.framework/Versions/3.14/lib/python3.14/socket.py", line 725, in readinto
    return self._sock.recv_into(b)
           ~~~~~~~~~~~~~~~~~~~~^^^
TimeoutError: timed out
2026-04-14 15:55:59 ERROR 计算失败
Traceback (most recent call last):
  File "/Users/coinsdo008/vscode_workspace/GameOfNumber/number_prediction_ui.py", line 744, in _on_calculate
    self.storage.upsert_pending_prediction(
    ~~~~~~~~~~~~~~~~~~~~~~~~~~~~~~~~~~~~~~^
        code=pending_code,
        ^^^^^^^^^^^^^^^^^^
    ...<6 lines>...
        units_dan=numbers_to_text(results.get("units_place", [])),
        ^^^^^^^^^^^^^^^^^^^^^^^^^^^^^^^^^^^^^^^^^^^^^^^^^^^^^^^^^^
    )
    ^
  File "/Users/coinsdo008/vscode_workspace/GameOfNumber/remote_storage.py", line 51, in upsert_pending_prediction
    self.api.save_prediction(
    ~~~~~~~~~~~~~~~~~~~~~~~~^
        {
        ^
    ...<9 lines>...
        }
        ^
    )
    ^
  File "/Users/coinsdo008/vscode_workspace/GameOfNumber/central_api.py", line 282, in save_prediction
    return self._request(
           ~~~~~~~~~~~~~^
        "POST",
        ^^^^^^^
    ...<4 lines>...
        json_body=payload,
        ^^^^^^^^^^^^^^^^^^
    )
    ^
  File "/Users/coinsdo008/vscode_workspace/GameOfNumber/central_api.py", line 350, in _request
    with urllib.request.urlopen(request, timeout=self.timeout) as response:
         ~~~~~~~~~~~~~~~~~~~~~~^^^^^^^^^^^^^^^^^^^^^^^^^^^^^^^
  File "/opt/homebrew/Cellar/python@3.14/3.14.0/Frameworks/Python.framework/Versions/3.14/lib/python3.14/urllib/request.py", line 187, in urlopen
    return opener.open(url, data, timeout)
           ~~~~~~~~~~~^^^^^^^^^^^^^^^^^^^^
  File "/opt/homebrew/Cellar/python@3.14/3.14.0/Frameworks/Python.framework/Versions/3.14/lib/python3.14/urllib/request.py", line 487, in open
    response = self._open(req, data)
  File "/opt/homebrew/Cellar/python@3.14/3.14.0/Frameworks/Python.framework/Versions/3.14/lib/python3.14/urllib/request.py", line 504, in _open
    result = self._call_chain(self.handle_open, protocol, protocol +
                              '_open', req)
  File "/opt/homebrew/Cellar/python@3.14/3.14.0/Frameworks/Python.framework/Versions/3.14/lib/python3.14/urllib/request.py", line 464, in _call_chain
    result = func(*args)
  File "/opt/homebrew/Cellar/python@3.14/3.14.0/Frameworks/Python.framework/Versions/3.14/lib/python3.14/urllib/request.py", line 1350, in http_open
    return self.do_open(http.client.HTTPConnection, req)
           ~~~~~~~~~~~~^^^^^^^^^^^^^^^^^^^^^^^^^^^^^^^^^
  File "/opt/homebrew/Cellar/python@3.14/3.14.0/Frameworks/Python.framework/Versions/3.14/lib/python3.14/urllib/request.py", line 1325, in do_open
    r = h.getresponse()
  File "/opt/homebrew/Cellar/python@3.14/3.14.0/Frameworks/Python.framework/Versions/3.14/lib/python3.14/http/client.py", line 1430, in getresponse
    response.begin()
    ~~~~~~~~~~~~~~^^
  File "/opt/homebrew/Cellar/python@3.14/3.14.0/Frameworks/Python.framework/Versions/3.14/lib/python3.14/http/client.py", line 331, in begin
    version, status, reason = self._read_status()
                              ~~~~~~~~~~~~~~~~~^^
  File "/opt/homebrew/Cellar/python@3.14/3.14.0/Frameworks/Python.framework/Versions/3.14/lib/python3.14/http/client.py", line 292, in _read_status
    line = str(self.fp.readline(_MAXLINE + 1), "iso-8859-1")
               ~~~~~~~~~~~~~~~~^^^^^^^^^^^^^^
  File "/opt/homebrew/Cellar/python@3.14/3.14.0/Frameworks/Python.framework/Versions/3.14/lib/python3.14/socket.py", line 725, in readinto
    return self._sock.recv_into(b)
           ~~~~~~~~~~~~~~~~~~~~^^^
TimeoutError: timed out
2026-04-14 16:06:02 ERROR 计算失败
Traceback (most recent call last):
  File "/Users/coinsdo008/vscode_workspace/GameOfNumber/number_prediction_ui.py", line 744, in _on_calculate
    self.storage.upsert_pending_prediction(
    ~~~~~~~~~~~~~~~~~~~~~~~~~~~~~~~~~~~~~~^
        code=pending_code,
        ^^^^^^^^^^^^^^^^^^
    ...<6 lines>...
        units_dan=numbers_to_text(results.get("units_place", [])),
        ^^^^^^^^^^^^^^^^^^^^^^^^^^^^^^^^^^^^^^^^^^^^^^^^^^^^^^^^^^
    )
    ^
  File "/Users/coinsdo008/vscode_workspace/GameOfNumber/remote_storage.py", line 51, in upsert_pending_prediction
    self.api.save_prediction(
    ~~~~~~~~~~~~~~~~~~~~~~~~^
        {
        ^
    ...<9 lines>...
        }
        ^
    )
    ^
  File "/Users/coinsdo008/vscode_workspace/GameOfNumber/central_api.py", line 282, in save_prediction
    return self._request(
           ~~~~~~~~~~~~~^
        "POST",
        ^^^^^^^
    ...<4 lines>...
        json_body=payload,
        ^^^^^^^^^^^^^^^^^^
    )
    ^
  File "/Users/coinsdo008/vscode_workspace/GameOfNumber/central_api.py", line 350, in _request
    with urllib.request.urlopen(request, timeout=self.timeout) as response:
         ~~~~~~~~~~~~~~~~~~~~~~^^^^^^^^^^^^^^^^^^^^^^^^^^^^^^^
  File "/opt/homebrew/Cellar/python@3.14/3.14.0/Frameworks/Python.framework/Versions/3.14/lib/python3.14/urllib/request.py", line 187, in urlopen
    return opener.open(url, data, timeout)
           ~~~~~~~~~~~^^^^^^^^^^^^^^^^^^^^
  File "/opt/homebrew/Cellar/python@3.14/3.14.0/Frameworks/Python.framework/Versions/3.14/lib/python3.14/urllib/request.py", line 487, in open
    response = self._open(req, data)
  File "/opt/homebrew/Cellar/python@3.14/3.14.0/Frameworks/Python.framework/Versions/3.14/lib/python3.14/urllib/request.py", line 504, in _open
    result = self._call_chain(self.handle_open, protocol, protocol +
                              '_open', req)
  File "/opt/homebrew/Cellar/python@3.14/3.14.0/Frameworks/Python.framework/Versions/3.14/lib/python3.14/urllib/request.py", line 464, in _call_chain
    result = func(*args)
  File "/opt/homebrew/Cellar/python@3.14/3.14.0/Frameworks/Python.framework/Versions/3.14/lib/python3.14/urllib/request.py", line 1350, in http_open
    return self.do_open(http.client.HTTPConnection, req)
           ~~~~~~~~~~~~^^^^^^^^^^^^^^^^^^^^^^^^^^^^^^^^^
  File "/opt/homebrew/Cellar/python@3.14/3.14.0/Frameworks/Python.framework/Versions/3.14/lib/python3.14/urllib/request.py", line 1325, in do_open
    r = h.getresponse()
  File "/opt/homebrew/Cellar/python@3.14/3.14.0/Frameworks/Python.framework/Versions/3.14/lib/python3.14/http/client.py", line 1430, in getresponse
    response.begin()
    ~~~~~~~~~~~~~~^^
  File "/opt/homebrew/Cellar/python@3.14/3.14.0/Frameworks/Python.framework/Versions/3.14/lib/python3.14/http/client.py", line 331, in begin
    version, status, reason = self._read_status()
                              ~~~~~~~~~~~~~~~~~^^
  File "/opt/homebrew/Cellar/python@3.14/3.14.0/Frameworks/Python.framework/Versions/3.14/lib/python3.14/http/client.py", line 292, in _read_status
    line = str(self.fp.readline(_MAXLINE + 1), "iso-8859-1")
               ~~~~~~~~~~~~~~~~^^^^^^^^^^^^^^
  File "/opt/homebrew/Cellar/python@3.14/3.14.0/Frameworks/Python.framework/Versions/3.14/lib/python3.14/socket.py", line 725, in readinto
    return self._sock.recv_into(b)
           ~~~~~~~~~~~~~~~~~~~~^^^
TimeoutError: timed out
2026-04-14 16:13:13 INFO 应用启动
2026-04-14 16:44:41 INFO 应用启动
2026-04-14 16:47:50 INFO 应用启动
2026-04-14 16:51:18 INFO 应用启动
2026-04-14 16:58:15 INFO 应用启动
2026-04-14 17:02:57 INFO 应用启动
2026-04-14 17:13:44 INFO 应用启动
